Starting Nmap 7.94SVN ( https://nmap.org ) at 2024-10-05 11:07 EDT
Warning: 10.15.42.245 giving up on port because retransmission cap hit (10).
Nmap scan report for 10.15.42.245
Host is up (0.072s latency).
Not shown: 64944 closed tcp ports (conn-refused), 588 filtered tcp ports (no-response)
PORT    STATE SERVICE VERSION
21/tcp  open  ftp     vsftpd 3.0.5
| ftp-syst: 
|   STAT: 
| FTP server status:
|      Connected to ::ffff:10.33.13.101
|      Logged in as ftp
|      TYPE: ASCII
|      No session bandwidth limit
|      Session timeout in seconds is 1800
|      Control connection is plain text
|      Data connections will be plain text
|      At session startup, client count was 2
|      vsFTPd 3.0.5 - secure, fast, stable
|_End of status
| ftp-anon: Anonymous FTP login allowed (FTP code 230)
| -rw-r--r--    1 0        0          142834 Oct 04 19:41 list.xyz
|_-rw-r--r--    1 0        0             701 Oct 03 17:41 readme.txt
22/tcp  open  ssh     OpenSSH 8.2p1 Ubuntu 4ubuntu0.11 (Ubuntu Linux; protocol 2.0)
| ssh-hostkey: 
|   3072 2e:81:54:b8:0e:bc:73:4b:66:09:2b:aa:0d:63:c9:59 (RSA)
|   256 0c:ff:27:69:2d:78:e8:05:5e:cb:69:dc:cc:26:79:73 (ECDSA)
|_  256 e9:af:88:b7:62:f5:c6:52:25:1a:23:67:ab:49:6d:20 (ED25519)
487/tcp open  http    nginx 1.18.0 (Ubuntu)
|_http-title: Suka-Suka Zidan
|_http-server-header: nginx/1.18.0 (Ubuntu)
|_http-generator: WordPress 6.6.2
Service Info: OSs: Unix, Linux; CPE: cpe:/o:linux:linux_kernel

Service detection performed. Please report any incorrect results at https://nmap.org/submit/ .
Nmap done: 1 IP address (1 host up) scanned in 161.89 seconds
